mode: set
github.com/aptlogica/sereni-base/tests/handlers/mocks/mock_asset_management.go:34.89,38.2 3 0
github.com/aptlogica/sereni-base/tests/handlers/mocks/mock_asset_management.go:41.87,43.2 1 0
github.com/aptlogica/sereni-base/tests/handlers/mocks/mock_asset_management.go:46.105,51.2 4 0
github.com/aptlogica/sereni-base/tests/handlers/mocks/mock_asset_management.go:54.106,57.2 2 0
github.com/aptlogica/sereni-base/tests/handlers/mocks/mock_asset_management.go:60.120,66.2 5 0
github.com/aptlogica/sereni-base/tests/handlers/mocks/mock_asset_management.go:69.104,72.2 2 0
github.com/aptlogica/sereni-base/tests/handlers/mocks/mock_asset_management.go:75.131,81.2 5 0
github.com/aptlogica/sereni-base/tests/handlers/mocks/mock_asset_management.go:84.104,87.2 2 0
github.com/aptlogica/sereni-base/tests/handlers/mocks/mock_asset_management.go:90.156,96.2 5 0
github.com/aptlogica/sereni-base/tests/handlers/mocks/mock_asset_management.go:99.117,102.2 2 0
github.com/aptlogica/sereni-base/tests/handlers/mocks/mock_asset_management.go:105.134,111.2 5 0
github.com/aptlogica/sereni-base/tests/handlers/mocks/mock_asset_management.go:114.93,117.2 2 0
github.com/aptlogica/sereni-base/tests/handlers/mocks/mock_asset_management.go:120.139,126.2 5 0
github.com/aptlogica/sereni-base/tests/handlers/mocks/mock_asset_management.go:129.98,132.2 2 0
github.com/aptlogica/sereni-base/tests/handlers/mocks/mock_auth_management.go:34.87,38.2 3 0
github.com/aptlogica/sereni-base/tests/handlers/mocks/mock_auth_management.go:41.85,43.2 1 0
github.com/aptlogica/sereni-base/tests/handlers/mocks/mock_auth_management.go:46.120,52.2 5 0
github.com/aptlogica/sereni-base/tests/handlers/mocks/mock_auth_management.go:55.101,58.2 2 0
github.com/aptlogica/sereni-base/tests/handlers/mocks/mock_auth_management.go:61.145,67.2 5 0
github.com/aptlogica/sereni-base/tests/handlers/mocks/mock_auth_management.go:70.105,73.2 2 0
github.com/aptlogica/sereni-base/tests/handlers/mocks/mock_auth_management.go:76.144,81.2 4 0
github.com/aptlogica/sereni-base/tests/handlers/mocks/mock_auth_management.go:84.114,87.2 2 0
github.com/aptlogica/sereni-base/tests/handlers/mocks/mock_auth_management.go:90.186,96.2 5 0
github.com/aptlogica/sereni-base/tests/handlers/mocks/mock_auth_management.go:99.120,102.2 2 0
github.com/aptlogica/sereni-base/tests/handlers/mocks/mock_auth_management.go:105.170,111.2 5 0
github.com/aptlogica/sereni-base/tests/handlers/mocks/mock_auth_management.go:114.108,117.2 2 0
github.com/aptlogica/sereni-base/tests/handlers/mocks/mock_auth_management.go:120.122,126.2 5 0
github.com/aptlogica/sereni-base/tests/handlers/mocks/mock_auth_management.go:129.103,132.2 2 0
github.com/aptlogica/sereni-base/tests/handlers/mocks/mock_auth_management.go:135.108,140.2 4 0
github.com/aptlogica/sereni-base/tests/handlers/mocks/mock_auth_management.go:143.109,146.2 2 0
github.com/aptlogica/sereni-base/tests/handlers/mocks/mock_auth_management.go:149.152,155.2 5 0
github.com/aptlogica/sereni-base/tests/handlers/mocks/mock_auth_management.go:158.106,161.2 2 0
github.com/aptlogica/sereni-base/tests/handlers/mocks/mock_auth_management.go:164.110,169.2 4 0
github.com/aptlogica/sereni-base/tests/handlers/mocks/mock_auth_management.go:172.92,175.2 2 0
github.com/aptlogica/sereni-base/tests/handlers/mocks/mock_auth_management.go:178.125,184.2 5 0
github.com/aptlogica/sereni-base/tests/handlers/mocks/mock_auth_management.go:187.104,190.2 2 0
github.com/aptlogica/sereni-base/tests/handlers/mocks/mock_auth_management.go:193.80,198.2 4 0
github.com/aptlogica/sereni-base/tests/handlers/mocks/mock_auth_management.go:201.96,204.2 2 0
github.com/aptlogica/sereni-base/tests/handlers/mocks/mock_auth_management.go:207.135,213.2 5 0
github.com/aptlogica/sereni-base/tests/handlers/mocks/mock_auth_management.go:216.103,219.2 2 0
github.com/aptlogica/sereni-base/tests/handlers/mocks/mock_auth_management.go:222.132,228.2 5 0
github.com/aptlogica/sereni-base/tests/handlers/mocks/mock_auth_management.go:231.111,234.2 2 0
github.com/aptlogica/sereni-base/tests/handlers/mocks/mock_auth_management.go:237.110,243.2 5 0
github.com/aptlogica/sereni-base/tests/handlers/mocks/mock_auth_management.go:246.89,249.2 2 0
github.com/aptlogica/sereni-base/tests/handlers/mocks/mock_auth_management.go:252.145,258.2 5 0
github.com/aptlogica/sereni-base/tests/handlers/mocks/mock_auth_management.go:261.113,264.2 2 0
github.com/aptlogica/sereni-base/tests/handlers/mocks/mock_auth_management.go:267.142,273.2 5 0
github.com/aptlogica/sereni-base/tests/handlers/mocks/mock_auth_management.go:276.121,279.2 2 0
github.com/aptlogica/sereni-base/tests/handlers/mocks/mock_auth_management.go:282.121,288.2 5 0
github.com/aptlogica/sereni-base/tests/handlers/mocks/mock_auth_management.go:291.101,294.2 2 0
github.com/aptlogica/sereni-base/tests/handlers/mocks/mock_auth_management.go:297.115,303.2 5 0
github.com/aptlogica/sereni-base/tests/handlers/mocks/mock_auth_management.go:306.95,309.2 2 0
github.com/aptlogica/sereni-base/tests/handlers/mocks/mock_auth_management.go:312.92,317.2 4 0
github.com/aptlogica/sereni-base/tests/handlers/mocks/mock_auth_management.go:320.93,323.2 2 0
github.com/aptlogica/sereni-base/tests/handlers/mocks/mock_auth_management.go:326.127,332.2 5 0
github.com/aptlogica/sereni-base/tests/handlers/mocks/mock_auth_management.go:335.90,338.2 2 0
github.com/aptlogica/sereni-base/tests/handlers/mocks/mock_auth_management.go:341.124,347.2 5 0
github.com/aptlogica/sereni-base/tests/handlers/mocks/mock_auth_management.go:350.91,353.2 2 0
github.com/aptlogica/sereni-base/tests/handlers/mocks/mock_auth_management.go:356.125,361.2 4 0
github.com/aptlogica/sereni-base/tests/handlers/mocks/mock_auth_management.go:364.126,367.2 2 0
github.com/aptlogica/sereni-base/tests/handlers/mocks/mock_auth_management.go:370.98,375.2 4 0
github.com/aptlogica/sereni-base/tests/handlers/mocks/mock_auth_management.go:378.99,381.2 2 0
github.com/aptlogica/sereni-base/tests/handlers/mocks/mock_auth_management.go:384.121,389.2 4 0
github.com/aptlogica/sereni-base/tests/handlers/mocks/mock_auth_management.go:392.122,395.2 2 0
github.com/aptlogica/sereni-base/tests/handlers/mocks/mock_auth_management.go:398.131,403.2 4 0
github.com/aptlogica/sereni-base/tests/handlers/mocks/mock_auth_management.go:406.132,409.2 2 0
github.com/aptlogica/sereni-base/tests/handlers/mocks/mock_auth_management.go:412.100,417.2 4 0
github.com/aptlogica/sereni-base/tests/handlers/mocks/mock_auth_management.go:420.87,423.2 2 0
github.com/aptlogica/sereni-base/tests/handlers/mocks/mock_auth_management.go:426.108,431.2 4 0
github.com/aptlogica/sereni-base/tests/handlers/mocks/mock_auth_management.go:434.91,437.2 2 0
github.com/aptlogica/sereni-base/tests/handlers/mocks/mock_auth_management.go:440.144,445.2 4 0
github.com/aptlogica/sereni-base/tests/handlers/mocks/mock_auth_management.go:448.115,451.2 2 0
github.com/aptlogica/sereni-base/tests/handlers/mocks/mock_auth_management.go:454.123,460.2 5 0
github.com/aptlogica/sereni-base/tests/handlers/mocks/mock_auth_management.go:463.93,466.2 2 0
github.com/aptlogica/sereni-base/tests/handlers/mocks/mock_auth_management.go:469.125,475.2 5 0
github.com/aptlogica/sereni-base/tests/handlers/mocks/mock_auth_management.go:478.89,481.2 2 0
github.com/aptlogica/sereni-base/tests/handlers/mocks/mock_auth_management.go:484.121,490.2 5 0
github.com/aptlogica/sereni-base/tests/handlers/mocks/mock_auth_management.go:493.91,496.2 2 0
github.com/aptlogica/sereni-base/tests/handlers/mocks/mock_base_management.go:35.87,39.2 3 0
github.com/aptlogica/sereni-base/tests/handlers/mocks/mock_base_management.go:42.85,44.2 1 0
github.com/aptlogica/sereni-base/tests/handlers/mocks/mock_base_management.go:47.164,53.2 5 0
github.com/aptlogica/sereni-base/tests/handlers/mocks/mock_base_management.go:56.121,59.2 2 0
github.com/aptlogica/sereni-base/tests/handlers/mocks/mock_base_management.go:62.144,68.2 5 0
github.com/aptlogica/sereni-base/tests/handlers/mocks/mock_base_management.go:71.108,74.2 2 0
github.com/aptlogica/sereni-base/tests/handlers/mocks/mock_base_management.go:77.156,83.2 5 0
github.com/aptlogica/sereni-base/tests/handlers/mocks/mock_base_management.go:86.120,89.2 2 0
github.com/aptlogica/sereni-base/tests/handlers/mocks/mock_base_management.go:92.187,98.2 5 0
github.com/aptlogica/sereni-base/tests/handlers/mocks/mock_base_management.go:101.129,104.2 2 0
github.com/aptlogica/sereni-base/tests/handlers/mocks/mock_base_management.go:107.98,112.2 4 0
github.com/aptlogica/sereni-base/tests/handlers/mocks/mock_base_management.go:115.99,118.2 2 0
github.com/aptlogica/sereni-base/tests/handlers/mocks/mock_base_management.go:121.167,127.2 5 0
github.com/aptlogica/sereni-base/tests/handlers/mocks/mock_base_management.go:130.127,133.2 2 0
github.com/aptlogica/sereni-base/tests/handlers/mocks/mock_base_management.go:136.114,142.2 5 0
github.com/aptlogica/sereni-base/tests/handlers/mocks/mock_base_management.go:145.100,148.2 2 0
github.com/aptlogica/sereni-base/tests/handlers/mocks/mock_base_management.go:151.133,157.2 5 0
github.com/aptlogica/sereni-base/tests/handlers/mocks/mock_base_management.go:160.117,163.2 2 0
github.com/aptlogica/sereni-base/tests/handlers/mocks/mock_base_management.go:166.132,172.2 5 0
github.com/aptlogica/sereni-base/tests/handlers/mocks/mock_base_management.go:175.110,178.2 2 0
github.com/aptlogica/sereni-base/tests/handlers/mocks/mock_base_management.go:181.126,187.2 5 0
github.com/aptlogica/sereni-base/tests/handlers/mocks/mock_base_management.go:190.112,193.2 2 0
github.com/aptlogica/sereni-base/tests/handlers/mocks/mock_base_management.go:196.118,201.2 4 0
github.com/aptlogica/sereni-base/tests/handlers/mocks/mock_base_management.go:204.119,207.2 2 0
github.com/aptlogica/sereni-base/tests/handlers/mocks/mock_base_management.go:210.202,216.2 5 0
github.com/aptlogica/sereni-base/tests/handlers/mocks/mock_base_management.go:219.137,222.2 2 0
github.com/aptlogica/sereni-base/tests/handlers/mocks/mock_import_service.go:34.71,38.2 3 0
github.com/aptlogica/sereni-base/tests/handlers/mocks/mock_import_service.go:41.69,43.2 1 0
github.com/aptlogica/sereni-base/tests/handlers/mocks/mock_import_service.go:46.165,52.2 5 0
github.com/aptlogica/sereni-base/tests/handlers/mocks/mock_import_service.go:55.94,58.2 2 0
github.com/aptlogica/sereni-base/tests/handlers/mocks/mock_organization_service.go:34.83,38.2 3 0
github.com/aptlogica/sereni-base/tests/handlers/mocks/mock_organization_service.go:41.81,43.2 1 0
github.com/aptlogica/sereni-base/tests/handlers/mocks/mock_organization_service.go:46.158,52.2 5 0
github.com/aptlogica/sereni-base/tests/handlers/mocks/mock_organization_service.go:55.106,58.2 2 0
github.com/aptlogica/sereni-base/tests/handlers/mocks/mock_organization_service.go:61.104,66.2 4 0
github.com/aptlogica/sereni-base/tests/handlers/mocks/mock_organization_service.go:69.105,72.2 2 0
github.com/aptlogica/sereni-base/tests/handlers/mocks/mock_organization_service.go:75.120,81.2 5 0
github.com/aptlogica/sereni-base/tests/handlers/mocks/mock_organization_service.go:84.98,87.2 2 0
github.com/aptlogica/sereni-base/tests/handlers/mocks/mock_organization_service.go:90.134,96.2 5 0
github.com/aptlogica/sereni-base/tests/handlers/mocks/mock_organization_service.go:99.112,102.2 2 0
github.com/aptlogica/sereni-base/tests/handlers/mocks/mock_organization_service.go:105.128,111.2 5 0
github.com/aptlogica/sereni-base/tests/handlers/mocks/mock_organization_service.go:114.106,117.2 2 0
github.com/aptlogica/sereni-base/tests/handlers/mocks/mock_organization_service.go:120.162,126.2 5 0
github.com/aptlogica/sereni-base/tests/handlers/mocks/mock_organization_service.go:129.110,132.2 2 0
github.com/aptlogica/sereni-base/tests/handlers/mocks/mock_table_management.go:34.89,38.2 3 0
github.com/aptlogica/sereni-base/tests/handlers/mocks/mock_table_management.go:41.87,43.2 1 0
github.com/aptlogica/sereni-base/tests/handlers/mocks/mock_table_management.go:46.181,52.2 5 0
github.com/aptlogica/sereni-base/tests/handlers/mocks/mock_table_management.go:55.111,58.2 2 0
github.com/aptlogica/sereni-base/tests/handlers/mocks/mock_table_management.go:61.149,67.2 5 0
github.com/aptlogica/sereni-base/tests/handlers/mocks/mock_table_management.go:70.107,73.2 2 0
github.com/aptlogica/sereni-base/tests/handlers/mocks/mock_table_management.go:76.137,82.2 5 0
github.com/aptlogica/sereni-base/tests/handlers/mocks/mock_table_management.go:85.105,88.2 2 0
github.com/aptlogica/sereni-base/tests/handlers/mocks/mock_table_management.go:91.142,97.2 5 0
github.com/aptlogica/sereni-base/tests/handlers/mocks/mock_table_management.go:100.100,103.2 2 0
github.com/aptlogica/sereni-base/tests/handlers/mocks/mock_table_management.go:106.162,112.2 5 0
github.com/aptlogica/sereni-base/tests/handlers/mocks/mock_table_management.go:115.126,118.2 2 0
github.com/aptlogica/sereni-base/tests/handlers/mocks/mock_table_management.go:121.172,127.2 5 0
github.com/aptlogica/sereni-base/tests/handlers/mocks/mock_table_management.go:130.132,133.2 2 0
github.com/aptlogica/sereni-base/tests/handlers/mocks/mock_table_management.go:136.163,142.2 5 0
github.com/aptlogica/sereni-base/tests/handlers/mocks/mock_table_management.go:145.120,148.2 2 0
github.com/aptlogica/sereni-base/tests/handlers/mocks/mock_table_management.go:151.147,157.2 5 0
github.com/aptlogica/sereni-base/tests/handlers/mocks/mock_table_management.go:160.106,163.2 2 0
github.com/aptlogica/sereni-base/tests/handlers/mocks/mock_table_management.go:166.101,171.2 4 0
github.com/aptlogica/sereni-base/tests/handlers/mocks/mock_table_management.go:174.102,177.2 2 0
github.com/aptlogica/sereni-base/tests/handlers/mocks/mock_table_management.go:180.124,185.2 4 0
github.com/aptlogica/sereni-base/tests/handlers/mocks/mock_table_management.go:188.100,191.2 2 0
github.com/aptlogica/sereni-base/tests/handlers/mocks/mock_table_management.go:194.105,199.2 4 0
github.com/aptlogica/sereni-base/tests/handlers/mocks/mock_table_management.go:202.106,205.2 2 0
github.com/aptlogica/sereni-base/tests/handlers/mocks/mock_table_management.go:208.99,213.2 4 0
github.com/aptlogica/sereni-base/tests/handlers/mocks/mock_table_management.go:216.100,219.2 2 0
github.com/aptlogica/sereni-base/tests/handlers/mocks/mock_table_management.go:222.122,228.2 5 0
github.com/aptlogica/sereni-base/tests/handlers/mocks/mock_table_management.go:231.99,234.2 2 0
github.com/aptlogica/sereni-base/tests/handlers/mocks/mock_table_management.go:237.130,243.2 5 0
github.com/aptlogica/sereni-base/tests/handlers/mocks/mock_table_management.go:246.108,249.2 2 0
github.com/aptlogica/sereni-base/tests/handlers/mocks/mock_table_management.go:252.120,258.2 5 0
github.com/aptlogica/sereni-base/tests/handlers/mocks/mock_table_management.go:261.98,264.2 2 0
github.com/aptlogica/sereni-base/tests/handlers/mocks/mock_table_management.go:267.118,273.2 5 0
github.com/aptlogica/sereni-base/tests/handlers/mocks/mock_table_management.go:276.97,279.2 2 0
github.com/aptlogica/sereni-base/tests/handlers/mocks/mock_table_management.go:282.124,288.2 5 0
github.com/aptlogica/sereni-base/tests/handlers/mocks/mock_table_management.go:291.103,294.2 2 0
github.com/aptlogica/sereni-base/tests/handlers/mocks/mock_table_management.go:297.137,303.2 5 0
github.com/aptlogica/sereni-base/tests/handlers/mocks/mock_table_management.go:306.114,309.2 2 0
github.com/aptlogica/sereni-base/tests/handlers/mocks/mock_table_management.go:312.132,318.2 5 0
github.com/aptlogica/sereni-base/tests/handlers/mocks/mock_table_management.go:321.110,324.2 2 0
github.com/aptlogica/sereni-base/tests/handlers/mocks/mock_table_management.go:327.142,333.2 5 0
github.com/aptlogica/sereni-base/tests/handlers/mocks/mock_table_management.go:336.120,339.2 2 0
github.com/aptlogica/sereni-base/tests/handlers/mocks/mock_table_management.go:342.122,348.2 5 0
github.com/aptlogica/sereni-base/tests/handlers/mocks/mock_table_management.go:351.102,354.2 2 0
github.com/aptlogica/sereni-base/tests/handlers/mocks/mock_table_management.go:357.120,363.2 5 0
github.com/aptlogica/sereni-base/tests/handlers/mocks/mock_table_management.go:366.101,369.2 2 0
github.com/aptlogica/sereni-base/tests/handlers/mocks/mock_table_management.go:372.133,378.2 5 0
github.com/aptlogica/sereni-base/tests/handlers/mocks/mock_table_management.go:381.112,384.2 2 0
github.com/aptlogica/sereni-base/tests/handlers/mocks/mock_table_management.go:387.150,393.2 5 0
github.com/aptlogica/sereni-base/tests/handlers/mocks/mock_table_management.go:396.104,399.2 2 0
github.com/aptlogica/sereni-base/tests/handlers/mocks/mock_table_management.go:402.158,408.2 5 0
github.com/aptlogica/sereni-base/tests/handlers/mocks/mock_table_management.go:411.108,414.2 2 0
github.com/aptlogica/sereni-base/tests/handlers/mocks/mock_table_management.go:417.156,423.2 5 0
github.com/aptlogica/sereni-base/tests/handlers/mocks/mock_table_management.go:426.107,429.2 2 0
github.com/aptlogica/sereni-base/tests/handlers/mocks/mock_table_management.go:432.152,438.2 5 0
github.com/aptlogica/sereni-base/tests/handlers/mocks/mock_table_management.go:441.104,444.2 2 0
github.com/aptlogica/sereni-base/tests/handlers/mocks/mock_table_management.go:447.145,453.2 5 0
github.com/aptlogica/sereni-base/tests/handlers/mocks/mock_table_management.go:456.107,459.2 2 0
github.com/aptlogica/sereni-base/tests/handlers/mocks/mock_table_management.go:462.163,468.2 5 0
github.com/aptlogica/sereni-base/tests/handlers/mocks/mock_table_management.go:471.112,474.2 2 0
github.com/aptlogica/sereni-base/tests/handlers/mocks/mock_table_management.go:477.162,483.2 5 0
github.com/aptlogica/sereni-base/tests/handlers/mocks/mock_table_management.go:486.112,489.2 2 0
github.com/aptlogica/sereni-base/tests/handlers/mocks/mock_table_management.go:492.139,498.2 5 0
github.com/aptlogica/sereni-base/tests/handlers/mocks/mock_table_management.go:501.105,504.2 2 0
github.com/aptlogica/sereni-base/tests/handlers/mocks/mock_user_management.go:35.87,39.2 3 0
github.com/aptlogica/sereni-base/tests/handlers/mocks/mock_user_management.go:42.85,44.2 1 0
github.com/aptlogica/sereni-base/tests/handlers/mocks/mock_user_management.go:47.151,53.2 5 0
github.com/aptlogica/sereni-base/tests/handlers/mocks/mock_user_management.go:56.110,59.2 2 0
github.com/aptlogica/sereni-base/tests/handlers/mocks/mock_user_management.go:62.130,68.2 5 0
github.com/aptlogica/sereni-base/tests/handlers/mocks/mock_user_management.go:71.96,74.2 2 0
github.com/aptlogica/sereni-base/tests/handlers/mocks/mock_user_management.go:77.108,82.2 4 0
github.com/aptlogica/sereni-base/tests/handlers/mocks/mock_user_management.go:85.109,88.2 2 0
github.com/aptlogica/sereni-base/tests/handlers/mocks/mock_user_management.go:91.125,97.2 5 0
github.com/aptlogica/sereni-base/tests/handlers/mocks/mock_user_management.go:100.104,103.2 2 0
github.com/aptlogica/sereni-base/tests/handlers/mocks/mock_user_management.go:106.108,112.2 5 0
github.com/aptlogica/sereni-base/tests/handlers/mocks/mock_user_management.go:115.92,118.2 2 0
github.com/aptlogica/sereni-base/tests/handlers/mocks/mock_user_management.go:121.123,127.2 5 0
github.com/aptlogica/sereni-base/tests/handlers/mocks/mock_user_management.go:130.98,133.2 2 0
github.com/aptlogica/sereni-base/tests/handlers/mocks/mock_user_management.go:136.161,142.2 5 0
github.com/aptlogica/sereni-base/tests/handlers/mocks/mock_user_management.go:145.129,148.2 2 0
github.com/aptlogica/sereni-base/tests/handlers/mocks/mock_user_management.go:151.116,157.2 5 0
github.com/aptlogica/sereni-base/tests/handlers/mocks/mock_user_management.go:160.102,163.2 2 0
github.com/aptlogica/sereni-base/tests/handlers/mocks/mock_user_management.go:166.110,172.2 5 0
github.com/aptlogica/sereni-base/tests/handlers/mocks/mock_user_management.go:175.96,178.2 2 0
github.com/aptlogica/sereni-base/tests/handlers/mocks/mock_user_management.go:181.126,187.2 5 0
github.com/aptlogica/sereni-base/tests/handlers/mocks/mock_user_management.go:190.107,193.2 2 0
github.com/aptlogica/sereni-base/tests/handlers/mocks/mock_user_management.go:196.159,202.2 5 0
github.com/aptlogica/sereni-base/tests/handlers/mocks/mock_user_management.go:205.119,208.2 2 0
github.com/aptlogica/sereni-base/tests/handlers/mocks/mock_user_management.go:211.118,217.2 5 0
github.com/aptlogica/sereni-base/tests/handlers/mocks/mock_user_management.go:220.97,223.2 2 0
github.com/aptlogica/sereni-base/tests/handlers/mocks/mock_user_management.go:226.139,232.2 5 0
github.com/aptlogica/sereni-base/tests/handlers/mocks/mock_user_management.go:235.109,238.2 2 0
github.com/aptlogica/sereni-base/tests/handlers/mocks/mock_user_management.go:241.120,247.2 5 0
github.com/aptlogica/sereni-base/tests/handlers/mocks/mock_user_management.go:250.101,253.2 2 0
github.com/aptlogica/sereni-base/tests/handlers/mocks/mock_user_management.go:256.159,262.2 5 0
github.com/aptlogica/sereni-base/tests/handlers/mocks/mock_user_management.go:265.115,268.2 2 0
github.com/aptlogica/sereni-base/tests/handlers/mocks/mock_user_management.go:271.136,277.2 5 0
github.com/aptlogica/sereni-base/tests/handlers/mocks/mock_user_management.go:280.107,283.2 2 0
github.com/aptlogica/sereni-base/tests/handlers/mocks/mock_user_management.go:286.166,292.2 5 0
github.com/aptlogica/sereni-base/tests/handlers/mocks/mock_user_management.go:295.118,298.2 2 0
github.com/aptlogica/sereni-base/tests/handlers/mocks/mock_workspace_management.go:34.97,38.2 3 0
github.com/aptlogica/sereni-base/tests/handlers/mocks/mock_workspace_management.go:41.95,43.2 1 0
github.com/aptlogica/sereni-base/tests/handlers/mocks/mock_workspace_management.go:46.160,52.2 5 0
github.com/aptlogica/sereni-base/tests/handlers/mocks/mock_workspace_management.go:55.109,58.2 2 0
github.com/aptlogica/sereni-base/tests/handlers/mocks/mock_workspace_management.go:61.99,66.2 4 0
github.com/aptlogica/sereni-base/tests/handlers/mocks/mock_workspace_management.go:69.100,72.2 2 0
github.com/aptlogica/sereni-base/tests/handlers/mocks/mock_workspace_management.go:75.115,80.2 4 0
github.com/aptlogica/sereni-base/tests/handlers/mocks/mock_workspace_management.go:83.116,86.2 2 0
github.com/aptlogica/sereni-base/tests/handlers/mocks/mock_workspace_management.go:89.117,95.2 5 0
github.com/aptlogica/sereni-base/tests/handlers/mocks/mock_workspace_management.go:98.96,101.2 2 0
github.com/aptlogica/sereni-base/tests/handlers/mocks/mock_workspace_management.go:104.162,110.2 5 0
github.com/aptlogica/sereni-base/tests/handlers/mocks/mock_workspace_management.go:113.141,116.2 2 0
github.com/aptlogica/sereni-base/tests/handlers/mocks/mock_workspace_management.go:119.172,125.2 5 0
github.com/aptlogica/sereni-base/tests/handlers/mocks/mock_workspace_management.go:128.132,131.2 2 0
github.com/aptlogica/sereni-base/tests/handlers/mocks/mock_workspace_management.go:134.151,140.2 5 0
github.com/aptlogica/sereni-base/tests/handlers/mocks/mock_workspace_management.go:143.121,146.2 2 0
github.com/aptlogica/sereni-base/tests/handlers/mocks/mock_workspace_management.go:149.120,155.2 5 0
github.com/aptlogica/sereni-base/tests/handlers/mocks/mock_workspace_management.go:158.101,161.2 2 0
github.com/aptlogica/sereni-base/tests/handlers/mocks/mock_workspace_management.go:164.147,170.2 5 0
github.com/aptlogica/sereni-base/tests/handlers/mocks/mock_workspace_management.go:173.125,176.2 2 0
github.com/aptlogica/sereni-base/tests/handlers/mocks/mock_workspace_management.go:179.148,185.2 5 0
github.com/aptlogica/sereni-base/tests/handlers/mocks/mock_workspace_management.go:188.121,191.2 2 0
github.com/aptlogica/sereni-base/tests/handlers/mocks/mock_workspace_management.go:194.149,200.2 5 0
github.com/aptlogica/sereni-base/tests/handlers/mocks/mock_workspace_management.go:203.122,206.2 2 0
github.com/aptlogica/sereni-base/tests/handlers/mocks/mock_workspace_management.go:209.149,215.2 5 0
github.com/aptlogica/sereni-base/tests/handlers/mocks/mock_workspace_management.go:218.122,221.2 2 0
github.com/aptlogica/sereni-base/tests/handlers/mocks/mock_workspace_management.go:224.133,229.2 4 0
github.com/aptlogica/sereni-base/tests/handlers/mocks/mock_workspace_management.go:232.134,235.2 2 0
github.com/aptlogica/sereni-base/tests/handlers/mocks/mock_workspace_management.go:238.159,244.2 5 0
github.com/aptlogica/sereni-base/tests/handlers/mocks/mock_workspace_management.go:247.113,250.2 2 0
github.com/aptlogica/sereni-base/tests/handlers/mocks/mock_workspace_management.go:253.159,258.2 4 0
github.com/aptlogica/sereni-base/tests/handlers/mocks/mock_workspace_management.go:261.160,264.2 2 0
